<?xml version="1.0" encoding="UTF-8"?>
<!-- Generated by org.testng.reporters.JUnitReportReporter -->
<testsuite hostname="APT04-59QV6G3" failures="0" tests="4" name="api.test.UserTests" time="7.801" errors="0" timestamp="2024-07-25T11:21:29 IST" skipped="0">
  <testcase classname="api.test.UserTests" name="testPostUser" time="3.201"/>
  <system-out/>
  <testcase classname="api.test.UserTests" name="testGetUserByName" time="1.156"/>
  <system-out/>
  <testcase classname="api.test.UserTests" name="testUpdateuserByName" time="2.314"/>
  <system-out/>
  <testcase classname="api.test.UserTests" name="testDeleteUserByName" time="1.130"/>
  <system-out/>
</testsuite> <!-- api.test.UserTests -->
