<?xml version="1.0" encoding="UTF-8"?>
<!-- Generated by org.testng.reporters.JUnitReportReporter -->
<testsuite hostname="APT04-59QV6G3" failures="0" tests="4" name="api.test.UserTests" time="8.741" errors="0" timestamp="2024-07-25T14:52:34 IST" skipped="0">
  <testcase classname="api.test.UserTests" name="testPostUser" time="3.747"/>
  <system-out/>
  <testcase classname="api.test.UserTests" name="testGetUserByName" time="1.325"/>
  <system-out/>
  <testcase classname="api.test.UserTests" name="testUpdateuserByName" time="2.473"/>
  <system-out/>
  <testcase classname="api.test.UserTests" name="testDeleteUserByName" time="1.196"/>
  <system-out/>
</testsuite> <!-- api.test.UserTests -->
